nov-17 00:08:14.569 [main] DEBUG nextflow.cli.Launcher - $> nextflow run demographic.nf --files_path test/data --pop1_sfs 202 --pop2_sfs 124 --pop3_sfs 152 --snp_number 600000 ' '
nov-17 00:08:14.923 [main] INFO  nextflow.cli.CmdRun - N E X T F L O W  ~  version 21.04.3
nov-17 00:08:15.007 [main] INFO  nextflow.cli.CmdRun - Launching `demographic.nf` [cranky_dijkstra] - revision: be8bce79b5
nov-17 00:08:15.294 [main] DEBUG nextflow.plugin.PluginsFacade - Setting up plugin manager > mode=prod; plugins-dir=/home/fermiron/.nextflow/plugins
nov-17 00:08:15.304 [main] DEBUG nextflow.plugin.PluginsFacade - Plugins default=[]
nov-17 00:08:15.313 [main] DEBUG nextflow.plugin.PluginsFacade - Plugins local root: .nextflow/plr/empty
nov-17 00:08:15.338 [main] INFO  org.pf4j.DefaultPluginStatusProvider - Enabled plugins: []
nov-17 00:08:15.341 [main] INFO  org.pf4j.DefaultPluginStatusProvider - Disabled plugins: []
nov-17 00:08:15.355 [main] INFO  org.pf4j.DefaultPluginManager - PF4J version 3.4.1 in 'deployment' mode
nov-17 00:08:15.393 [main] INFO  org.pf4j.AbstractPluginManager - No plugins
nov-17 00:08:15.573 [main] DEBUG nextflow.Session - Session uuid: a4cc0d7c-9a31-4c22-9082-e7a5109cb9a2
nov-17 00:08:15.574 [main] DEBUG nextflow.Session - Run name: cranky_dijkstra
nov-17 00:08:15.581 [main] DEBUG nextflow.Session - Executor pool size: 4
nov-17 00:08:15.740 [main] DEBUG nextflow.cli.CmdRun - 
  Version: 21.04.3 build 5560
  Created: 21-07-2021 15:09 UTC (10:09 CDT)
  System: Linux 5.4.0-89-generic
  Runtime: Groovy 3.0.7 on OpenJDK 64-Bit Server VM 11.0.11+9-Ubuntu-0ubuntu2.18.04
  Encoding: UTF-8 (UTF-8)
  Process: 28008@fermiron-VirtualBox [127.0.1.1]
  CPUs: 4 - Mem: 4.8 GB (358.6 MB) - Swap: 2 GB (2 GB)
nov-17 00:08:15.814 [main] DEBUG nextflow.Session - Work-dir: /home/fermiron/Imágenes/nf_demographic_model/work [ext2/ext3]
nov-17 00:08:15.816 [main] DEBUG nextflow.Session - Script base path does not exist or is not a directory: /home/fermiron/Imágenes/nf_demographic_model/bin
nov-17 00:08:15.857 [main] DEBUG nextflow.executor.ExecutorFactory - Extension executors providers=[]
nov-17 00:08:15.906 [main] DEBUG nextflow.Session - Observer factory: DefaultObserverFactory
nov-17 00:08:16.245 [main] DEBUG nextflow.Session - Session start invoked
nov-17 00:08:18.669 [main] DEBUG nextflow.script.ScriptRunner - > Launching execution
nov-17 00:08:18.773 [main] INFO  nextflow.Nextflow - 
==========================================
The demographic inference pipeline
v0.1
==========================================

nov-17 00:08:18.776 [main] INFO  nextflow.Nextflow - --Nextflow metadata--
nov-17 00:08:18.833 [main] INFO  nextflow.Nextflow - Resumed run?   : false
Run Name       : cranky_dijkstra
Current user   : fermiron
Start time     : 2021-11-17T000815.931679-0600
Script dir     : /home/fermiron/Imágenes/nf_demographic_model
Working dir    : /home/fermiron/Imágenes/nf_demographic_model/work
Current dir    : /home/fermiron/Imágenes/nf_demographic_model
Launch command : nextflow run demographic.nf --files_path test/data --pop1_sfs 202 --pop2_sfs 124 --pop3_sfs 152 --snp_number 600000 ' '
nov-17 00:08:18.837 [main] INFO  nextflow.Nextflow - 

--Pipeline Parameters--
nov-17 00:08:18.844 [main] INFO  nextflow.Nextflow - Input data     : 600000
Results Dir    : /home/fermiron/Imágenes/nf_demographic_model/test/nf_demographic-results/
Intermediate Dir: /home/fermiron/Imágenes/nf_demographic_model/test/nf_demographic-intermediate/
nov-17 00:08:18.846 [main] INFO  nextflow.Nextflow - ==========================================
Pipeline Start
nov-17 00:08:19.822 [main] DEBUG nextflow.Session - Workflow process names [dsl2]: demographic_calculation, best_likelihood, editing_file, sfs_calculation
nov-17 00:08:20.018 [main] DEBUG nextflow.executor.ExecutorFactory - << taskConfig executor: null
nov-17 00:08:20.019 [main] DEBUG nextflow.executor.ExecutorFactory - >> processorType: 'local'
nov-17 00:08:20.038 [main] DEBUG nextflow.executor.Executor - [warm up] executor > local
nov-17 00:08:20.052 [main] DEBUG n.processor.LocalPollingMonitor - Creating local task monitor for executor 'local' > cpus=4; memory=4.8 GB; capacity=4; pollInterval=100ms; dumpInterval=5m
nov-17 00:08:20.407 [main] DEBUG nextflow.executor.ExecutorFactory - << taskConfig executor: null
nov-17 00:08:20.410 [main] DEBUG nextflow.executor.ExecutorFactory - >> processorType: 'local'
nov-17 00:08:20.440 [main] DEBUG nextflow.executor.ExecutorFactory - << taskConfig executor: null
nov-17 00:08:20.441 [main] DEBUG nextflow.executor.ExecutorFactory - >> processorType: 'local'
nov-17 00:08:20.466 [main] DEBUG nextflow.executor.ExecutorFactory - << taskConfig executor: null
nov-17 00:08:20.466 [main] DEBUG nextflow.executor.ExecutorFactory - >> processorType: 'local'
nov-17 00:08:20.476 [main] DEBUG nextflow.Session - Ignite dataflow network (12)
nov-17 00:08:20.512 [main] DEBUG nextflow.processor.TaskProcessor - Starting process > sfs_calculation
nov-17 00:08:20.500 [PathVisitor-1] DEBUG nextflow.file.PathVisitor - files for syntax: glob; folder: test/data/; pattern: *.vcf; options: [:]
nov-17 00:08:20.529 [main] DEBUG nextflow.processor.TaskProcessor - Starting process > demographic_calculation
nov-17 00:08:20.554 [main] DEBUG nextflow.processor.TaskProcessor - Starting process > best_likelihood
nov-17 00:08:20.558 [main] DEBUG nextflow.processor.TaskProcessor - Starting process > editing_file
nov-17 00:08:20.573 [main] DEBUG nextflow.script.ScriptRunner - > Await termination 
nov-17 00:08:20.580 [main] DEBUG nextflow.Session - Session await
nov-17 00:08:21.198 [Task submitter] DEBUG nextflow.executor.LocalTaskHandler - Launch cmd line: /bin/bash -ue .command.run
nov-17 00:08:21.223 [Task submitter] INFO  nextflow.Session - [fb/1b3007] Submitted process > sfs_calculation (1)
nov-17 00:10:07.530 [Task monitor] DEBUG n.processor.TaskPollingMonitor - Task completed > TaskHandler[id: 1; name: sfs_calculation (1); status: COMPLETED; exit: 0; error: -; workDir: /home/fermiron/Imágenes/nf_demographic_model/work/fb/1b300728dc56818ee8585af7372d3a]
nov-17 00:10:07.670 [Task monitor] DEBUG n.util.BlockingThreadExecutorFactory - Thread pool name=FileTransfer; maxThreads=12; maxQueueSize=36; keepAlive=1m
nov-17 00:10:07.700 [Task submitter] DEBUG nextflow.executor.LocalTaskHandler - Launch cmd line: /bin/bash -ue .command.run
nov-17 00:10:07.704 [Task submitter] INFO  nextflow.Session - [94/e8a03b] Submitted process > demographic_calculation (1)
nov-17 00:12:34.758 [Task monitor] DEBUG n.processor.TaskPollingMonitor - Task completed > TaskHandler[id: 2; name: demographic_calculation (1); status: COMPLETED; exit: 0; error: -; workDir: /home/fermiron/Imágenes/nf_demographic_model/work/94/e8a03bfb56c2f8d6424091a47695bf]
nov-17 00:12:34.977 [Task submitter] DEBUG nextflow.executor.LocalTaskHandler - Launch cmd line: /bin/bash -ue .command.run
nov-17 00:12:34.981 [Task submitter] INFO  nextflow.Session - [ef/6cf8d8] Submitted process > best_likelihood (1)
nov-17 00:12:35.162 [Task monitor] DEBUG n.processor.TaskPollingMonitor - Task completed > TaskHandler[id: 3; name: best_likelihood (1); status: COMPLETED; exit: 0; error: -; workDir: /home/fermiron/Imágenes/nf_demographic_model/work/ef/6cf8d8104d3917d97e1cb6d41c8734]
nov-17 00:12:35.196 [Task submitter] DEBUG nextflow.executor.LocalTaskHandler - Launch cmd line: /bin/bash -ue .command.run
nov-17 00:12:35.209 [Task submitter] INFO  nextflow.Session - [7a/dd385e] Submitted process > editing_file (1)
nov-17 00:12:35.265 [Task monitor] DEBUG n.processor.TaskPollingMonitor - Task completed > TaskHandler[id: 4; name: editing_file (1); status: COMPLETED; exit: 0; error: -; workDir: /home/fermiron/Imágenes/nf_demographic_model/work/7a/dd385e55ee387aa6de3050ffcc099e]
nov-17 00:12:35.276 [main] DEBUG nextflow.Session - Session await > all process finished
nov-17 00:12:35.285 [main] DEBUG nextflow.Session - Session await > all barriers passed
nov-17 00:12:35.314 [main] DEBUG nextflow.trace.WorkflowStatsObserver - Workflow completed > WorkflowStats[succeededCount=4; failedCount=0; ignoredCount=0; cachedCount=0; pendingCount=0; submittedCount=0; runningCount=0; retriesCount=0; abortedCount=0; succeedDuration=4m 13s; failedDuration=0ms; cachedDuration=0ms;loadCpus=0; loadMemory=0; peakRunning=1; peakCpus=1; peakMemory=0; ]
nov-17 00:12:35.448 [main] DEBUG nextflow.CacheDB - Closing CacheDB done
nov-17 00:12:35.510 [main] DEBUG nextflow.script.ScriptRunner - > Execution complete -- Goodbye
