fastsimcoal was invoked with the following command line arguments:
fsc2702 -t p1_p2_p3.tpl -n 100 -m -e p1_p2_p3.est -M -L 40 -q -s 0 

Random generator seed : 42323

Population growth detected in input file

Estimating model parameters using 12 batches and 1 thread

Estimation of parameters by conditional maximization via Brent algorithm (initial lhood = -15214.3)

Iter 1	Curr best params:	13373	6907	9	554	lhood=-14464.6

Iter 2	Curr best params:	13373	6907	9	554	lhood=-14464.6

Iter 3	Curr best params:	16111	10598	7	571	lhood=-14457.1

Iter 4	Curr best params:	16111	10598	7	571	lhood=-14457.1

Iter 5	Curr best params:	16111	10598	7	571	lhood=-14457.1

Iter 6	Curr best params:	16111	10598	7	571	lhood=-14457.1

Iter 7	Curr best params:	16111	10598	7	571	lhood=-14457.1

Iter 8	Curr best params:	16111	10598	7	571	lhood=-14457.1

Iter 9	Curr best params:	12934	10716	13	547	lhood=-14414.5

Iter 10	Curr best params:	12934	10716	13	547	lhood=-14414.5

Iter 11	Curr best params:	12934	10716	13	547	lhood=-14414.5

Iter 12	Curr best params:	12934	10716	13	547	lhood=-14414.5

Iter 13	Curr best params:	13065	9708	15	542	lhood=-14406.2

Iter 14	Curr best params:	13065	9708	15	542	lhood=-14406.2

Iter 15	Curr best params:	13065	9708	15	542	lhood=-14406.2

Iter 16	Curr best params:	13065	9708	15	542	lhood=-14406.2

Iter 17	Curr best params:	13065	9708	15	542	lhood=-14406.2

Iter 18	Curr best params:	13065	9708	15	542	lhood=-14406.2

Iter 19	Curr best params:	13065	9708	15	542	lhood=-14406.2

Iter 20	Curr best params:	13065	9708	15	542	lhood=-14406.2

Iter 21	Curr best params:	13065	9708	15	542	lhood=-14406.2

Iter 22	Curr best params:	13065	9708	15	542	lhood=-14406.2

Iter 23	Curr best params:	13065	9708	15	542	lhood=-14406.2

Iter 24	Curr best params:	13065	9708	15	542	lhood=-14406.2

Iter 25	Curr best params:	13065	9708	15	542	lhood=-14406.2

Iter 26	Curr best params:	13065	9708	15	542	lhood=-14406.2

Iter 27	Curr best params:	11682	15219	12	536	lhood=-14334.9

Iter 28	Curr best params:	11682	15219	12	536	lhood=-14334.9

Iter 29	Curr best params:	15133	16315	14	554	lhood=-14310.5

Iter 30	Curr best params:	15133	16315	14	554	lhood=-14310.5

Iter 31	Curr best params:	15133	16315	14	554	lhood=-14310.5

Iter 32	Curr best params:	15133	16315	14	554	lhood=-14310.5

Iter 33	Curr best params:	15133	16315	14	554	lhood=-14310.5

Iter 34	Curr best params:	15133	16315	14	554	lhood=-14310.5

Iter 35	Curr best params:	16066	15620	7	525	lhood=-14301.2

Iter 36	Curr best params:	16066	15620	7	525	lhood=-14301.2

Iter 37	Curr best params:	16066	15620	7	525	lhood=-14301.2

Iter 38	Curr best params:	16066	15620	7	525	lhood=-14301.2

Iter 39	Curr best params:	16066	15620	7	525	lhood=-14301.2

Iter 40	Curr best params:	16066	15620	7	525	lhood=-14301.2

Program total execution time: 13.729 seconds

fastsimcoal was invoked with the following command line arguments:
fsc2702 -t p1_p2_p3.tpl -n 100 -m -e p1_p2_p3.est -M -L 40 -q -s 0 

Random generator seed : 309376

Population growth detected in input file

Estimating model parameters using 12 batches and 1 thread

Estimation of parameters by conditional maximization via Brent algorithm (initial lhood = -15273.3)

Iter 1	Curr best params:	13909	8395	13	630	lhood=-14532.6

Iter 2	Curr best params:	14048	9667	15	525	lhood=-14526.5

Iter 3	Curr best params:	12700	9667	15	525	lhood=-14488.5

Iter 4	Curr best params:	12266	9570	12	525	lhood=-14434.4

Iter 5	Curr best params:	12266	9570	12	525	lhood=-14434.4

Iter 6	Curr best params:	12266	9570	12	525	lhood=-14434.4

Iter 7	Curr best params:	12266	9570	12	525	lhood=-14434.4

Iter 8	Curr best params:	12266	9570	12	525	lhood=-14434.4

Iter 9	Curr best params:	12821	11798	15	587	lhood=-14413.2

Iter 10	Curr best params:	17258	11798	15	554	lhood=-14405.4

Iter 11	Curr best params:	17258	11798	15	554	lhood=-14405.4

Iter 12	Curr best params:	8201	13216	11	533	lhood=-14372.1

Iter 13	Curr best params:	7922	14212	11	551	lhood=-14359.6

Iter 14	Curr best params:	3088	16395	10	520	lhood=-14346.4

Iter 15	Curr best params:	3088	16395	10	520	lhood=-14346.4

Iter 16	Curr best params:	3088	16395	10	520	lhood=-14346.4

Iter 17	Curr best params:	3088	16395	10	520	lhood=-14346.4

Iter 18	Curr best params:	3088	16395	10	520	lhood=-14346.4

Iter 19	Curr best params:	3088	16395	10	520	lhood=-14346.4

Iter 20	Curr best params:	3088	16395	10	520	lhood=-14346.4

Iter 21	Curr best params:	3088	16395	10	520	lhood=-14346.4

Iter 22	Curr best params:	3088	16395	10	520	lhood=-14346.4

Iter 23	Curr best params:	3088	16395	10	520	lhood=-14346.4

Iter 24	Curr best params:	3088	16395	10	520	lhood=-14346.4

Iter 25	Curr best params:	3088	16395	10	520	lhood=-14346.4

Iter 26	Curr best params:	3088	16395	10	520	lhood=-14346.4

Iter 27	Curr best params:	3088	16395	10	520	lhood=-14346.4

Iter 28	Curr best params:	3088	16395	10	520	lhood=-14346.4

Iter 29	Curr best params:	3088	16395	10	520	lhood=-14346.4

Iter 30	Curr best params:	3088	16395	10	520	lhood=-14346.4

Iter 31	Curr best params:	3088	16395	10	520	lhood=-14346.4

Iter 32	Curr best params:	3088	16395	10	520	lhood=-14346.4

Iter 33	Curr best params:	3088	16395	10	520	lhood=-14346.4

Iter 34	Curr best params:	3088	16395	10	520	lhood=-14346.4

Iter 35	Curr best params:	3088	16395	10	520	lhood=-14346.4

Iter 36	Curr best params:	3088	16395	10	520	lhood=-14346.4

Iter 37	Curr best params:	3088	16395	10	520	lhood=-14346.4

Iter 38	Curr best params:	3088	16395	10	520	lhood=-14346.4

Iter 39	Curr best params:	3088	16395	10	520	lhood=-14346.4

Iter 40	Curr best params:	3088	16395	10	520	lhood=-14346.4

Program total execution time: 13.750 seconds

fastsimcoal was invoked with the following command line arguments:
fsc2702 -t p1_p2_p3.tpl -n 100 -m -e p1_p2_p3.est -M -L 40 -q -s 0 

Random generator seed : 549634

Population growth detected in input file

Estimating model parameters using 12 batches and 1 thread

Estimation of parameters by conditional maximization via Brent algorithm (initial lhood = -16068.2)

Iter 1	Curr best params:	4227	8708	14	585	lhood=-14540.5

Iter 2	Curr best params:	12553	8708	14	585	lhood=-14487.8

Iter 3	Curr best params:	12553	8708	14	585	lhood=-14487.8

Iter 4	Curr best params:	12553	8708	14	585	lhood=-14487.8

Iter 5	Curr best params:	12553	8708	14	585	lhood=-14487.8

Iter 6	Curr best params:	3556	10668	13	531	lhood=-14462.3

Iter 7	Curr best params:	9837	10668	13	531	lhood=-14438.9

Iter 8	Curr best params:	13719	11940	12	560	lhood=-14419.7

Iter 9	Curr best params:	13719	11940	12	560	lhood=-14419.7

Iter 10	Curr best params:	13719	11940	12	560	lhood=-14419.7

Iter 11	Curr best params:	10266	10089	14	541	lhood=-14417.4

Iter 12	Curr best params:	10266	10089	14	541	lhood=-14417.4

Iter 13	Curr best params:	10266	10089	14	541	lhood=-14417.4

Iter 14	Curr best params:	10266	10089	14	541	lhood=-14417.4

Iter 15	Curr best params:	10266	10089	14	541	lhood=-14417.4

Iter 16	Curr best params:	10266	10089	14	541	lhood=-14417.4

Iter 17	Curr best params:	10266	10089	14	541	lhood=-14417.4

Iter 18	Curr best params:	10266	10089	14	541	lhood=-14417.4

Iter 19	Curr best params:	10266	10089	14	541	lhood=-14417.4

Iter 20	Curr best params:	18104	13240	17	577	lhood=-14387.5

Iter 21	Curr best params:	18104	13240	17	577	lhood=-14387.5

Iter 22	Curr best params:	18104	13240	17	577	lhood=-14387.5

Iter 23	Curr best params:	11292	14686	17	533	lhood=-14387.1

Iter 24	Curr best params:	11292	15958	15	521	lhood=-14290.1

Iter 25	Curr best params:	11292	15958	15	521	lhood=-14290.1

Iter 26	Curr best params:	11292	15958	15	521	lhood=-14290.1

Iter 27	Curr best params:	11292	15958	15	521	lhood=-14290.1

Iter 28	Curr best params:	11292	15958	15	521	lhood=-14290.1

Iter 29	Curr best params:	11292	15958	15	521	lhood=-14290.1

Iter 30	Curr best params:	11292	15958	15	521	lhood=-14290.1

Iter 31	Curr best params:	11292	15958	15	521	lhood=-14290.1

Iter 32	Curr best params:	11292	15958	15	521	lhood=-14290.1

Iter 33	Curr best params:	11292	15958	15	521	lhood=-14290.1

Iter 34	Curr best params:	11292	15958	15	521	lhood=-14290.1

Iter 35	Curr best params:	11292	15958	15	521	lhood=-14290.1

Iter 36	Curr best params:	11292	15958	15	521	lhood=-14290.1

Iter 37	Curr best params:	11292	15958	15	521	lhood=-14290.1

Iter 38	Curr best params:	11292	15958	15	521	lhood=-14290.1

Iter 39	Curr best params:	11292	15958	15	521	lhood=-14290.1

Iter 40	Curr best params:	11292	15958	15	521	lhood=-14290.1

Program total execution time: 13.300 seconds

fastsimcoal was invoked with the following command line arguments:
fsc2702 -t p1_p2_p3.tpl -n 100 -m -e p1_p2_p3.est -M -L 40 -q -s 0 

Random generator seed : 892511

Population growth detected in input file

Estimating model parameters using 12 batches and 1 thread

Estimation of parameters by conditional maximization via Brent algorithm (initial lhood = -14929.2)

Iter 1	Curr best params:	4857	8038	15	552	lhood=-14580.7

Iter 2	Curr best params:	4857	8746	8	569	lhood=-14519

Iter 3	Curr best params:	4857	8746	8	569	lhood=-14519

Iter 4	Curr best params:	4857	8746	8	569	lhood=-14519

Iter 5	Curr best params:	4857	8746	8	569	lhood=-14519

Iter 6	Curr best params:	4857	8746	8	569	lhood=-14519

Iter 7	Curr best params:	12850	9686	18	566	lhood=-14422

Iter 8	Curr best params:	12850	9686	18	566	lhood=-14422

Iter 9	Curr best params:	12850	9686	18	566	lhood=-14422

Iter 10	Curr best params:	12850	9686	18	566	lhood=-14422

Iter 11	Curr best params:	12850	9686	18	566	lhood=-14422

Iter 12	Curr best params:	12850	9686	18	566	lhood=-14422

Iter 13	Curr best params:	12850	9686	18	566	lhood=-14422

Iter 14	Curr best params:	12850	9686	18	566	lhood=-14422

Iter 15	Curr best params:	12850	9686	18	566	lhood=-14422

Iter 16	Curr best params:	12850	9686	18	566	lhood=-14422

Iter 17	Curr best params:	12850	9686	18	566	lhood=-14422

Iter 18	Curr best params:	12850	9686	18	566	lhood=-14422

Iter 19	Curr best params:	12850	9686	18	566	lhood=-14422

Iter 20	Curr best params:	12850	9686	18	566	lhood=-14422

Iter 21	Curr best params:	12850	9686	18	566	lhood=-14422

Iter 22	Curr best params:	12850	9686	18	566	lhood=-14422

Iter 23	Curr best params:	12850	9686	18	566	lhood=-14422

Iter 24	Curr best params:	12850	9686	18	566	lhood=-14422

Iter 25	Curr best params:	12850	9686	18	566	lhood=-14422

Iter 26	Curr best params:	12850	9686	18	566	lhood=-14422

Iter 27	Curr best params:	12850	9686	18	566	lhood=-14422

Iter 28	Curr best params:	12850	9686	18	566	lhood=-14422

Iter 29	Curr best params:	12850	9686	18	566	lhood=-14422

Iter 30	Curr best params:	12850	9686	18	566	lhood=-14422

Iter 31	Curr best params:	12850	9686	18	566	lhood=-14422

Iter 32	Curr best params:	12850	9686	18	566	lhood=-14422

Iter 33	Curr best params:	12850	9686	18	566	lhood=-14422

Iter 34	Curr best params:	12850	9686	18	566	lhood=-14422

Iter 35	Curr best params:	12850	9686	18	566	lhood=-14422

Iter 36	Curr best params:	12850	9686	18	566	lhood=-14422

Iter 37	Curr best params:	12850	9686	18	566	lhood=-14422

Iter 38	Curr best params:	12850	9686	18	566	lhood=-14422

Iter 39	Curr best params:	12850	9686	18	566	lhood=-14422

Iter 40	Curr best params:	12850	9686	18	566	lhood=-14422

Program total execution time: 14.697 seconds

fastsimcoal was invoked with the following command line arguments:
fsc2702 -t p1_p2_p3.tpl -n 100 -m -e p1_p2_p3.est -M -L 40 -q -s 0 

Random generator seed : 110802

Population growth detected in input file

Estimating model parameters using 12 batches and 1 thread

Estimation of parameters by conditional maximization via Brent algorithm (initial lhood = -14638.5)

Iter 1	Curr best params:	8058	9972	10	638	lhood=-14552.8

Iter 2	Curr best params:	15439	10919	13	553	lhood=-14421.8

Iter 3	Curr best params:	5959	10919	13	553	lhood=-14417.7

Iter 4	Curr best params:	5959	10919	13	553	lhood=-14417.7

Iter 5	Curr best params:	6806	13361	18	519	lhood=-14397.1

Iter 6	Curr best params:	6806	13361	18	519	lhood=-14397.1

Iter 7	Curr best params:	6806	13361	18	519	lhood=-14397.1

Iter 8	Curr best params:	6806	13361	18	519	lhood=-14397.1

Iter 9	Curr best params:	6798	12024	8	549	lhood=-14361.4

Iter 10	Curr best params:	6798	12024	8	549	lhood=-14361.4

Iter 11	Curr best params:	6798	12024	8	549	lhood=-14361.4

Iter 12	Curr best params:	6798	12024	8	549	lhood=-14361.4

Iter 13	Curr best params:	7279	10414	6	508	lhood=-14360

Iter 14	Curr best params:	7279	10414	6	508	lhood=-14360

Iter 15	Curr best params:	12305	10518	6	516	lhood=-14350.7

Iter 16	Curr best params:	12305	10518	6	516	lhood=-14350.7

Iter 17	Curr best params:	12305	10518	6	516	lhood=-14350.7

Iter 18	Curr best params:	12305	10518	6	516	lhood=-14350.7

Iter 19	Curr best params:	12305	10518	6	516	lhood=-14350.7

Iter 20	Curr best params:	12305	10518	6	516	lhood=-14350.7

Iter 21	Curr best params:	12305	10518	6	516	lhood=-14350.7

Iter 22	Curr best params:	12305	10518	6	516	lhood=-14350.7

Iter 23	Curr best params:	12305	10518	6	516	lhood=-14350.7

Iter 24	Curr best params:	12305	10518	6	516	lhood=-14350.7

Iter 25	Curr best params:	12305	10518	6	516	lhood=-14350.7

Iter 26	Curr best params:	12305	10518	6	516	lhood=-14350.7

Iter 27	Curr best params:	12305	10518	6	516	lhood=-14350.7

Iter 28	Curr best params:	12305	10518	6	516	lhood=-14350.7

Iter 29	Curr best params:	12305	10518	6	516	lhood=-14350.7

Iter 30	Curr best params:	12305	10518	6	516	lhood=-14350.7

Iter 31	Curr best params:	12305	10518	6	516	lhood=-14350.7

Iter 32	Curr best params:	12305	10518	6	516	lhood=-14350.7

Iter 33	Curr best params:	12305	10518	6	516	lhood=-14350.7

Iter 34	Curr best params:	12305	10518	6	516	lhood=-14350.7

Iter 35	Curr best params:	12305	10518	6	516	lhood=-14350.7

Iter 36	Curr best params:	12305	10518	6	516	lhood=-14350.7

Iter 37	Curr best params:	12305	10518	6	516	lhood=-14350.7

Iter 38	Curr best params:	12305	10518	6	516	lhood=-14350.7

Iter 39	Curr best params:	12305	10518	6	516	lhood=-14350.7

Iter 40	Curr best params:	12305	10518	6	516	lhood=-14350.7

Program total execution time: 13.753 seconds

fastsimcoal was invoked with the following command line arguments:
fsc2702 -t p1_p2_p3.tpl -n 100 -m -e p1_p2_p3.est -M -L 40 -q -s 0 

Random generator seed : 380652

Population growth detected in input file

Estimating model parameters using 12 batches and 1 thread

Estimation of parameters by conditional maximization via Brent algorithm (initial lhood = -16546.6)

Iter 1	Curr best params:	5857	8193	8	545	lhood=-14503.6

Iter 2	Curr best params:	5857	8193	8	545	lhood=-14503.6

Iter 3	Curr best params:	5857	8193	8	545	lhood=-14503.6

Iter 4	Curr best params:	14231	10865	15	520	lhood=-14406.7

Iter 5	Curr best params:	14231	10865	15	520	lhood=-14406.7

Iter 6	Curr best params:	14231	10865	15	520	lhood=-14406.7

Iter 7	Curr best params:	18380	13183	18	561	lhood=-14374.3

Iter 8	Curr best params:	18380	13183	18	561	lhood=-14374.3

Iter 9	Curr best params:	18380	13183	18	561	lhood=-14374.3

Iter 10	Curr best params:	18380	13183	18	561	lhood=-14374.3

Iter 11	Curr best params:	18380	13183	18	561	lhood=-14374.3

Iter 12	Curr best params:	18380	13183	18	561	lhood=-14374.3

Iter 13	Curr best params:	18380	13183	18	561	lhood=-14374.3

Iter 14	Curr best params:	18380	13183	18	561	lhood=-14374.3

Iter 15	Curr best params:	18380	13183	18	561	lhood=-14374.3

Iter 16	Curr best params:	18380	13183	18	561	lhood=-14374.3

Iter 17	Curr best params:	18380	13183	18	561	lhood=-14374.3

Iter 18	Curr best params:	18380	13183	18	561	lhood=-14374.3

Iter 19	Curr best params:	18380	13183	18	561	lhood=-14374.3

Iter 20	Curr best params:	18380	13183	18	561	lhood=-14374.3

Iter 21	Curr best params:	18380	13183	18	561	lhood=-14374.3

Iter 22	Curr best params:	18380	13183	18	561	lhood=-14374.3

Iter 23	Curr best params:	18380	13183	18	561	lhood=-14374.3

Iter 24	Curr best params:	18380	13183	18	561	lhood=-14374.3

Iter 25	Curr best params:	18380	13183	18	561	lhood=-14374.3

Iter 26	Curr best params:	18380	13183	18	561	lhood=-14374.3

Iter 27	Curr best params:	18380	13183	18	561	lhood=-14374.3

Iter 28	Curr best params:	18380	13183	18	561	lhood=-14374.3

Iter 29	Curr best params:	18380	13183	18	561	lhood=-14374.3

Iter 30	Curr best params:	18380	13183	18	561	lhood=-14374.3

Iter 31	Curr best params:	18380	13183	18	561	lhood=-14374.3

Iter 32	Curr best params:	18380	13183	18	561	lhood=-14374.3

Iter 33	Curr best params:	18380	13183	18	561	lhood=-14374.3

Iter 34	Curr best params:	18380	13183	18	561	lhood=-14374.3

Iter 35	Curr best params:	18380	13183	18	561	lhood=-14374.3

Iter 36	Curr best params:	18380	13183	18	561	lhood=-14374.3

Iter 37	Curr best params:	18380	13183	18	561	lhood=-14374.3

Iter 38	Curr best params:	18380	13183	18	561	lhood=-14374.3

Iter 39	Curr best params:	18380	13183	18	561	lhood=-14374.3

Iter 40	Curr best params:	18380	13183	18	561	lhood=-14374.3

Program total execution time: 13.454 seconds

fastsimcoal was invoked with the following command line arguments:
fsc2702 -t p1_p2_p3.tpl -n 100 -m -e p1_p2_p3.est -M -L 40 -q -s 0 

Random generator seed : 835082

Population growth detected in input file

Estimating model parameters using 12 batches and 1 thread

Estimation of parameters by conditional maximization via Brent algorithm (initial lhood = -15269.9)

Iter 1	Curr best params:	12996	8947	10	566	lhood=-14537.5

Iter 2	Curr best params:	5142	8947	10	541	lhood=-14523

Iter 3	Curr best params:	7189	9933	16	535	lhood=-14457.2

Iter 4	Curr best params:	7189	9933	16	535	lhood=-14457.2

Iter 5	Curr best params:	7189	9933	16	535	lhood=-14457.2

Iter 6	Curr best params:	15843	10742	8	533	lhood=-14457

Iter 7	Curr best params:	15843	10742	8	533	lhood=-14457

Iter 8	Curr best params:	15843	10742	8	533	lhood=-14457

Iter 9	Curr best params:	14840	11141	15	535	lhood=-14364.6

Iter 10	Curr best params:	13374	9370	11	553	lhood=-14331.6

Iter 11	Curr best params:	13374	9370	11	553	lhood=-14331.6

Iter 12	Curr best params:	13374	9370	11	553	lhood=-14331.6

Iter 13	Curr best params:	13374	9370	11	553	lhood=-14331.6

Iter 14	Curr best params:	13374	9370	11	553	lhood=-14331.6

Iter 15	Curr best params:	13374	9370	11	553	lhood=-14331.6

Iter 16	Curr best params:	13374	9370	11	553	lhood=-14331.6

Iter 17	Curr best params:	13374	9370	11	553	lhood=-14331.6

Iter 18	Curr best params:	13374	9370	11	553	lhood=-14331.6

Iter 19	Curr best params:	13374	9370	11	553	lhood=-14331.6

Iter 20	Curr best params:	13374	9370	11	553	lhood=-14331.6

Iter 21	Curr best params:	13374	9370	11	553	lhood=-14331.6

Iter 22	Curr best params:	13374	9370	11	553	lhood=-14331.6

Iter 23	Curr best params:	13374	9370	11	553	lhood=-14331.6

Iter 24	Curr best params:	13374	9370	11	553	lhood=-14331.6

Iter 25	Curr best params:	13374	9370	11	553	lhood=-14331.6

Iter 26	Curr best params:	13374	9370	11	553	lhood=-14331.6

Iter 27	Curr best params:	13374	9370	11	553	lhood=-14331.6

Iter 28	Curr best params:	13374	9370	11	553	lhood=-14331.6

Iter 29	Curr best params:	13374	9370	11	553	lhood=-14331.6

Iter 30	Curr best params:	13374	9370	11	553	lhood=-14331.6

Iter 31	Curr best params:	13374	9370	11	553	lhood=-14331.6

Iter 32	Curr best params:	13374	9370	11	553	lhood=-14331.6

Iter 33	Curr best params:	13374	9370	11	553	lhood=-14331.6

Iter 34	Curr best params:	13374	9370	11	553	lhood=-14331.6

Iter 35	Curr best params:	13374	9370	11	553	lhood=-14331.6

Iter 36	Curr best params:	13374	9370	11	553	lhood=-14331.6

Iter 37	Curr best params:	13374	9370	11	553	lhood=-14331.6

Iter 38	Curr best params:	13374	9370	11	553	lhood=-14331.6

Iter 39	Curr best params:	13374	9370	11	553	lhood=-14331.6

Iter 40	Curr best params:	13374	9370	11	553	lhood=-14331.6

Program total execution time: 13.706 seconds

fastsimcoal was invoked with the following command line arguments:
fsc2702 -t p1_p2_p3.tpl -n 100 -m -e p1_p2_p3.est -M -L 40 -q -s 0 

Random generator seed : 104957

Population growth detected in input file

Estimating model parameters using 12 batches and 1 thread

Estimation of parameters by conditional maximization via Brent algorithm (initial lhood = -15634.2)

Iter 1	Curr best params:	19990	7034	9	519	lhood=-14531.5

Iter 2	Curr best params:	19990	7034	9	519	lhood=-14531.5

Iter 3	Curr best params:	19990	7034	9	519	lhood=-14531.5

Iter 4	Curr best params:	15114	6741	12	523	lhood=-14482

Iter 5	Curr best params:	15114	6741	12	523	lhood=-14482

Iter 6	Curr best params:	10178	10706	15	523	lhood=-14463

Iter 7	Curr best params:	10178	10706	15	523	lhood=-14463

Iter 8	Curr best params:	10178	10706	15	523	lhood=-14463

Iter 9	Curr best params:	10178	10706	15	523	lhood=-14463

Iter 10	Curr best params:	10178	10706	15	523	lhood=-14463

Iter 11	Curr best params:	10178	10706	15	523	lhood=-14463

Iter 12	Curr best params:	10178	10706	15	523	lhood=-14463

Iter 13	Curr best params:	10178	10706	15	523	lhood=-14463

Iter 14	Curr best params:	10178	10706	15	523	lhood=-14463

Iter 15	Curr best params:	10178	10706	15	523	lhood=-14463

Iter 16	Curr best params:	8429	11911	11	528	lhood=-14402.7

Iter 17	Curr best params:	8429	11911	11	528	lhood=-14402.7

Iter 18	Curr best params:	8429	11911	11	528	lhood=-14402.7

Iter 19	Curr best params:	8429	11911	11	528	lhood=-14402.7

Iter 20	Curr best params:	8429	11911	11	528	lhood=-14402.7

Iter 21	Curr best params:	8429	11911	11	528	lhood=-14402.7

Iter 22	Curr best params:	8429	11911	11	528	lhood=-14402.7

Iter 23	Curr best params:	8429	11911	11	528	lhood=-14402.7

Iter 24	Curr best params:	8429	11911	11	528	lhood=-14402.7

Iter 25	Curr best params:	8429	11911	11	528	lhood=-14402.7

Iter 26	Curr best params:	8429	11911	11	528	lhood=-14402.7

Iter 27	Curr best params:	8429	11911	11	528	lhood=-14402.7

Iter 28	Curr best params:	8429	11911	11	528	lhood=-14402.7

Iter 29	Curr best params:	8429	11911	11	528	lhood=-14402.7

Iter 30	Curr best params:	8429	11911	11	528	lhood=-14402.7

Iter 31	Curr best params:	8429	11911	11	528	lhood=-14402.7

Iter 32	Curr best params:	8429	11911	11	528	lhood=-14402.7

Iter 33	Curr best params:	8429	11911	11	528	lhood=-14402.7

Iter 34	Curr best params:	12335	12385	10	526	lhood=-14372

Iter 35	Curr best params:	12335	12385	10	526	lhood=-14372

Iter 36	Curr best params:	12335	12385	10	526	lhood=-14372

Iter 37	Curr best params:	12244	10773	14	550	lhood=-14370.8

Iter 38	Curr best params:	12244	10773	14	550	lhood=-14370.8

Iter 39	Curr best params:	12244	10773	14	550	lhood=-14370.8

Iter 40	Curr best params:	12244	10773	14	550	lhood=-14370.8

Program total execution time: 13.912 seconds

fastsimcoal was invoked with the following command line arguments:
fsc2702 -t p1_p2_p3.tpl -n 100 -m -e p1_p2_p3.est -M -L 40 -q -s 0 

Random generator seed : 490486

Population growth detected in input file

Estimating model parameters using 12 batches and 1 thread

Estimation of parameters by conditional maximization via Brent algorithm (initial lhood = -14715.7)

Iter 1	Curr best params:	9539	7993	14	531	lhood=-14549.8

Iter 2	Curr best params:	9539	7993	14	531	lhood=-14549.8

Iter 3	Curr best params:	9539	7993	14	531	lhood=-14549.8

Iter 4	Curr best params:	9539	7993	14	531	lhood=-14549.8

Iter 5	Curr best params:	9539	7993	14	531	lhood=-14549.8

Iter 6	Curr best params:	7579	10547	14	557	lhood=-14485.7

Iter 7	Curr best params:	7579	10547	14	557	lhood=-14485.7

Iter 8	Curr best params:	17238	9175	17	546	lhood=-14376.4

Iter 9	Curr best params:	17238	9175	17	546	lhood=-14376.4

Iter 10	Curr best params:	17238	9175	17	546	lhood=-14376.4

Iter 11	Curr best params:	17238	9175	17	546	lhood=-14376.4

Iter 12	Curr best params:	17238	9175	17	546	lhood=-14376.4

Iter 13	Curr best params:	17238	9175	17	546	lhood=-14376.4

Iter 14	Curr best params:	17238	9175	17	546	lhood=-14376.4

Iter 15	Curr best params:	17238	9175	17	546	lhood=-14376.4

Iter 16	Curr best params:	17238	9175	17	546	lhood=-14376.4

Iter 17	Curr best params:	17238	9175	17	546	lhood=-14376.4

Iter 18	Curr best params:	17238	9175	17	546	lhood=-14376.4

Iter 19	Curr best params:	17238	9175	17	546	lhood=-14376.4

Iter 20	Curr best params:	17238	9175	17	546	lhood=-14376.4

Iter 21	Curr best params:	17238	9175	17	546	lhood=-14376.4

Iter 22	Curr best params:	17238	9175	17	546	lhood=-14376.4

Iter 23	Curr best params:	17238	9175	17	546	lhood=-14376.4

Iter 24	Curr best params:	17238	9175	17	546	lhood=-14376.4

Iter 25	Curr best params:	17238	9175	17	546	lhood=-14376.4

Iter 26	Curr best params:	17238	9175	17	546	lhood=-14376.4

Iter 27	Curr best params:	17238	9175	17	546	lhood=-14376.4

Iter 28	Curr best params:	17238	9175	17	546	lhood=-14376.4

Iter 29	Curr best params:	17238	9175	17	546	lhood=-14376.4

Iter 30	Curr best params:	17238	9175	17	546	lhood=-14376.4

Iter 31	Curr best params:	17238	9175	17	546	lhood=-14376.4

Iter 32	Curr best params:	17238	9175	17	546	lhood=-14376.4

Iter 33	Curr best params:	17238	9175	17	546	lhood=-14376.4

Iter 34	Curr best params:	17238	9175	17	546	lhood=-14376.4

Iter 35	Curr best params:	17238	9175	17	546	lhood=-14376.4

Iter 36	Curr best params:	17238	9175	17	546	lhood=-14376.4

Iter 37	Curr best params:	17238	9175	17	546	lhood=-14376.4

Iter 38	Curr best params:	17238	9175	17	546	lhood=-14376.4

Iter 39	Curr best params:	17238	9175	17	546	lhood=-14376.4

Iter 40	Curr best params:	17238	9175	17	546	lhood=-14376.4

Program total execution time: 14.030 seconds

fastsimcoal was invoked with the following command line arguments:
fsc2702 -t p1_p2_p3.tpl -n 100 -m -e p1_p2_p3.est -M -L 40 -q -s 0 

Random generator seed : 557625

Population growth detected in input file

Estimating model parameters using 12 batches and 1 thread

Estimation of parameters by conditional maximization via Brent algorithm (initial lhood = -14871.2)

Iter 1	Curr best params:	11538	9198	15	569	lhood=-14528.1

Iter 2	Curr best params:	7473	10574	10	526	lhood=-14364.7

Iter 3	Curr best params:	7473	10574	10	526	lhood=-14364.7

Iter 4	Curr best params:	7473	10574	10	526	lhood=-14364.7

Iter 5	Curr best params:	7473	10574	10	526	lhood=-14364.7

Iter 6	Curr best params:	7473	10574	10	526	lhood=-14364.7

Iter 7	Curr best params:	7473	10574	10	526	lhood=-14364.7

Iter 8	Curr best params:	7473	10574	10	526	lhood=-14364.7

Iter 9	Curr best params:	7473	10574	10	526	lhood=-14364.7

Iter 10	Curr best params:	7473	10574	10	526	lhood=-14364.7

Iter 11	Curr best params:	7473	10574	10	526	lhood=-14364.7

Iter 12	Curr best params:	12776	12701	13	541	lhood=-14357.6

Iter 13	Curr best params:	12776	12701	13	541	lhood=-14357.6

Iter 14	Curr best params:	12776	12701	13	541	lhood=-14357.6

Iter 15	Curr best params:	12776	12701	13	541	lhood=-14357.6

Iter 16	Curr best params:	12776	12701	13	541	lhood=-14357.6

Iter 17	Curr best params:	12776	12701	13	541	lhood=-14357.6

Iter 18	Curr best params:	12776	12701	13	541	lhood=-14357.6

Iter 19	Curr best params:	12776	12701	13	541	lhood=-14357.6

Iter 20	Curr best params:	12776	12701	13	541	lhood=-14357.6

Iter 21	Curr best params:	8162	12334	11	556	lhood=-14339.8

Iter 22	Curr best params:	8162	12334	11	556	lhood=-14339.8

Iter 23	Curr best params:	8162	12334	11	556	lhood=-14339.8

Iter 24	Curr best params:	8162	12334	11	556	lhood=-14339.8

Iter 25	Curr best params:	8162	12334	11	556	lhood=-14339.8

Iter 26	Curr best params:	8162	12334	11	556	lhood=-14339.8

Iter 27	Curr best params:	8162	12334	11	556	lhood=-14339.8

Iter 28	Curr best params:	9780	13081	14	551	lhood=-14317.5

Iter 29	Curr best params:	9780	13081	14	551	lhood=-14317.5

Iter 30	Curr best params:	9780	13081	14	551	lhood=-14317.5

Iter 31	Curr best params:	9780	13081	14	551	lhood=-14317.5

Iter 32	Curr best params:	9780	13081	14	551	lhood=-14317.5

Iter 33	Curr best params:	9780	13081	14	551	lhood=-14317.5

Iter 34	Curr best params:	9780	13081	14	551	lhood=-14317.5

Iter 35	Curr best params:	9780	13081	14	551	lhood=-14317.5

Iter 36	Curr best params:	9780	13081	14	551	lhood=-14317.5

Iter 37	Curr best params:	9780	13081	14	551	lhood=-14317.5

Iter 38	Curr best params:	9780	13081	14	551	lhood=-14317.5

Iter 39	Curr best params:	9780	13081	14	551	lhood=-14317.5

Iter 40	Curr best params:	9780	13081	14	551	lhood=-14317.5

Program total execution time: 13.955 seconds

