fastsimcoal was invoked with the following command line arguments:
fsc2702 -t p1_p2_p3.tpl -n 100 -m -e p1_p2_p3.est -M -L 40 -q -s 0 

Random generator seed : 142520

Population growth detected in input file

Estimating model parameters using 12 batches and 1 thread

Estimation of parameters by conditional maximization via Brent algorithm (initial lhood = -15091.6)

Iter 1	Curr best params:	13330	8584	10	575	lhood=-14554.9

Iter 2	Curr best params:	13330	9856	10	575	lhood=-14497.8

Iter 3	Curr best params:	13330	9856	10	575	lhood=-14497.8

Iter 4	Curr best params:	12555	9856	8	575	lhood=-14494.6

Iter 5	Curr best params:	12555	9856	8	575	lhood=-14494.6

Iter 6	Curr best params:	12555	9856	8	575	lhood=-14494.6

Iter 7	Curr best params:	5867	11749	9	541	lhood=-14481

Iter 8	Curr best params:	3960	11553	9	541	lhood=-14440.1

Iter 9	Curr best params:	3960	11553	9	541	lhood=-14440.1

Iter 10	Curr best params:	3960	11553	9	541	lhood=-14440.1

Iter 11	Curr best params:	3960	11553	9	541	lhood=-14440.1

Iter 12	Curr best params:	3960	11553	9	541	lhood=-14440.1

Iter 13	Curr best params:	3960	11553	9	541	lhood=-14440.1

Iter 14	Curr best params:	3960	11553	9	541	lhood=-14440.1

Iter 15	Curr best params:	3960	11553	9	541	lhood=-14440.1

Iter 16	Curr best params:	3960	11553	9	541	lhood=-14440.1

Iter 17	Curr best params:	15413	11432	6	518	lhood=-14438.4

Iter 18	Curr best params:	15413	11432	6	518	lhood=-14438.4

Iter 19	Curr best params:	15413	11432	6	518	lhood=-14438.4

Iter 20	Curr best params:	15413	11432	6	518	lhood=-14438.4

Iter 21	Curr best params:	15413	11432	6	518	lhood=-14438.4

Iter 22	Curr best params:	15413	11432	6	518	lhood=-14438.4

Iter 23	Curr best params:	15413	11432	6	518	lhood=-14438.4

Iter 24	Curr best params:	15413	11432	6	518	lhood=-14438.4

Iter 25	Curr best params:	15413	11432	6	518	lhood=-14438.4

Iter 26	Curr best params:	15413	11432	6	518	lhood=-14438.4

Iter 27	Curr best params:	15413	11432	6	518	lhood=-14438.4

Iter 28	Curr best params:	15413	11432	6	518	lhood=-14438.4

Iter 29	Curr best params:	15413	11432	6	518	lhood=-14438.4

Iter 30	Curr best params:	15413	11432	6	518	lhood=-14438.4

Iter 31	Curr best params:	15413	11432	6	518	lhood=-14438.4

Iter 32	Curr best params:	15413	11432	6	518	lhood=-14438.4

Iter 33	Curr best params:	15413	11432	6	518	lhood=-14438.4

Iter 34	Curr best params:	15413	11432	6	518	lhood=-14438.4

Iter 35	Curr best params:	15413	11432	6	518	lhood=-14438.4

Iter 36	Curr best params:	15413	11432	6	518	lhood=-14438.4

Iter 37	Curr best params:	15413	11432	6	518	lhood=-14438.4

Iter 38	Curr best params:	15413	11432	6	518	lhood=-14438.4

Iter 39	Curr best params:	10367	10045	19	510	lhood=-14418.9

Iter 40	Curr best params:	10367	10045	19	510	lhood=-14418.9

Program total execution time: 14.619 seconds

fastsimcoal was invoked with the following command line arguments:
fsc2702 -t p1_p2_p3.tpl -n 100 -m -e p1_p2_p3.est -M -L 40 -q -s 0 

Random generator seed : 684707

Population growth detected in input file

Estimating model parameters using 12 batches and 1 thread

Estimation of parameters by conditional maximization via Brent algorithm (initial lhood = -14558.3)

Iter 1	Curr best params:		lhood=-14558.3

Iter 2	Curr best params:	8959	10432	9	531	lhood=-14529.4

Iter 3	Curr best params:	13176	10432	9	519	lhood=-14418.9

Iter 4	Curr best params:	13176	10432	9	519	lhood=-14418.9

Iter 5	Curr best params:	9906	12128	12	542	lhood=-14406

Iter 6	Curr best params:	9906	12128	12	542	lhood=-14406

Iter 7	Curr best params:	9906	12128	12	542	lhood=-14406

Iter 8	Curr best params:	9906	12128	12	542	lhood=-14406

Iter 9	Curr best params:	9906	12128	12	542	lhood=-14406

Iter 10	Curr best params:	9906	12128	12	542	lhood=-14406

Iter 11	Curr best params:	9906	12128	12	542	lhood=-14406

Iter 12	Curr best params:	9906	12128	12	542	lhood=-14406

Iter 13	Curr best params:	9906	12128	12	542	lhood=-14406

Iter 14	Curr best params:	9906	12128	12	542	lhood=-14406

Iter 15	Curr best params:	9906	12128	12	542	lhood=-14406

Iter 16	Curr best params:	9906	12128	12	542	lhood=-14406

Iter 17	Curr best params:	9906	12128	12	542	lhood=-14406

Iter 18	Curr best params:	9906	12128	12	542	lhood=-14406

Iter 19	Curr best params:	9906	12128	12	542	lhood=-14406

Iter 20	Curr best params:	9906	12128	12	542	lhood=-14406

Iter 21	Curr best params:	9906	12128	12	542	lhood=-14406

Iter 22	Curr best params:	9906	12128	12	542	lhood=-14406

Iter 23	Curr best params:	9906	12128	12	542	lhood=-14406

Iter 24	Curr best params:	9906	12128	12	542	lhood=-14406

Iter 25	Curr best params:	9906	12128	12	542	lhood=-14406

Iter 26	Curr best params:	9906	12128	12	542	lhood=-14406

Iter 27	Curr best params:	9906	12128	12	542	lhood=-14406

Iter 28	Curr best params:	9906	12128	12	542	lhood=-14406

Iter 29	Curr best params:	18563	10932	12	566	lhood=-14394.8

Iter 30	Curr best params:	18563	10932	12	566	lhood=-14394.8

Iter 31	Curr best params:	18563	10932	12	566	lhood=-14394.8

Iter 32	Curr best params:	18563	10932	12	566	lhood=-14394.8

Iter 33	Curr best params:	18563	10932	12	566	lhood=-14394.8

Iter 34	Curr best params:	18563	10932	12	566	lhood=-14394.8

Iter 35	Curr best params:	18563	10932	12	566	lhood=-14394.8

Iter 36	Curr best params:	18563	10932	12	566	lhood=-14394.8

Iter 37	Curr best params:	18563	10932	12	566	lhood=-14394.8

Iter 38	Curr best params:	18563	10932	12	566	lhood=-14394.8

Iter 39	Curr best params:	18563	10932	12	566	lhood=-14394.8

Iter 40	Curr best params:	18563	10932	12	566	lhood=-14394.8

Program total execution time: 14.212 seconds

fastsimcoal was invoked with the following command line arguments:
fsc2702 -t p1_p2_p3.tpl -n 100 -m -e p1_p2_p3.est -M -L 40 -q -s 0 

Random generator seed : 461733

Population growth detected in input file

Estimating model parameters using 12 batches and 1 thread

Estimation of parameters by conditional maximization via Brent algorithm (initial lhood = -16062.6)

Iter 1	Curr best params:	12168	6585	13	552	lhood=-14604.1

Iter 2	Curr best params:	12168	6585	13	552	lhood=-14604.1

Iter 3	Curr best params:	12168	6585	13	552	lhood=-14604.1

Iter 4	Curr best params:	7084	7219	10	552	lhood=-14548.7

Iter 5	Curr best params:	8954	8077	10	569	lhood=-14497.8

Iter 6	Curr best params:	8954	8077	10	569	lhood=-14497.8

Iter 7	Curr best params:	8954	8077	10	569	lhood=-14497.8

Iter 8	Curr best params:	8954	8077	10	569	lhood=-14497.8

Iter 9	Curr best params:	6196	9182	10	532	lhood=-14423.2

Iter 10	Curr best params:	6196	9182	10	532	lhood=-14423.2

Iter 11	Curr best params:	6196	9182	10	532	lhood=-14423.2

Iter 12	Curr best params:	6196	9182	10	532	lhood=-14423.2

Iter 13	Curr best params:	12892	9846	8	537	lhood=-14409.2

Iter 14	Curr best params:	12892	9846	8	537	lhood=-14409.2

Iter 15	Curr best params:	12892	9846	8	537	lhood=-14409.2

Iter 16	Curr best params:	12892	9846	8	537	lhood=-14409.2

Iter 17	Curr best params:	12892	9846	8	537	lhood=-14409.2

Iter 18	Curr best params:	12892	9846	8	537	lhood=-14409.2

Iter 19	Curr best params:	12892	9846	8	537	lhood=-14409.2

Iter 20	Curr best params:	12892	9846	8	537	lhood=-14409.2

Iter 21	Curr best params:	15227	13249	18	517	lhood=-14376.4

Iter 22	Curr best params:	15227	13249	18	517	lhood=-14376.4

Iter 23	Curr best params:	15227	13249	18	517	lhood=-14376.4

Iter 24	Curr best params:	15227	13249	18	517	lhood=-14376.4

Iter 25	Curr best params:	15227	13249	18	517	lhood=-14376.4

Iter 26	Curr best params:	15227	13249	18	517	lhood=-14376.4

Iter 27	Curr best params:	15227	13249	18	517	lhood=-14376.4

Iter 28	Curr best params:	15227	13249	18	517	lhood=-14376.4

Iter 29	Curr best params:	15227	13249	18	517	lhood=-14376.4

Iter 30	Curr best params:	15227	13249	18	517	lhood=-14376.4

Iter 31	Curr best params:	15227	13249	18	517	lhood=-14376.4

Iter 32	Curr best params:	15227	13249	18	517	lhood=-14376.4

Iter 33	Curr best params:	15227	13249	18	517	lhood=-14376.4

Iter 34	Curr best params:	15227	13249	18	517	lhood=-14376.4

Iter 35	Curr best params:	15227	13249	18	517	lhood=-14376.4

Iter 36	Curr best params:	15227	13249	18	517	lhood=-14376.4

Iter 37	Curr best params:	15227	13249	18	517	lhood=-14376.4

Iter 38	Curr best params:	15227	13249	18	517	lhood=-14376.4

Iter 39	Curr best params:	15227	13249	18	517	lhood=-14376.4

Iter 40	Curr best params:	15227	13249	18	517	lhood=-14376.4

Program total execution time: 14.191 seconds

fastsimcoal was invoked with the following command line arguments:
fsc2702 -t p1_p2_p3.tpl -n 100 -m -e p1_p2_p3.est -M -L 40 -q -s 0 

Random generator seed : 211545

Population growth detected in input file

Estimating model parameters using 12 batches and 1 thread

Estimation of parameters by conditional maximization via Brent algorithm (initial lhood = -14863.6)

Iter 1	Curr best params:	9434	8477	7	538	lhood=-14569.5

Iter 2	Curr best params:	15964	9595	13	567	lhood=-14473.6

Iter 3	Curr best params:	15964	9595	13	567	lhood=-14473.6

Iter 4	Curr best params:	15964	9595	13	567	lhood=-14473.6

Iter 5	Curr best params:	15964	9595	13	567	lhood=-14473.6

Iter 6	Curr best params:	15964	9595	13	567	lhood=-14473.6

Iter 7	Curr best params:	9782	10595	13	533	lhood=-14463.1

Iter 8	Curr best params:	11448	10595	13	533	lhood=-14389.3

Iter 9	Curr best params:	11448	10595	13	533	lhood=-14389.3

Iter 10	Curr best params:	11448	10595	13	533	lhood=-14389.3

Iter 11	Curr best params:	14954	12776	17	545	lhood=-14376.8

Iter 12	Curr best params:	14954	12776	17	545	lhood=-14376.8

Iter 13	Curr best params:	14954	12776	17	545	lhood=-14376.8

Iter 14	Curr best params:	14954	12776	17	545	lhood=-14376.8

Iter 15	Curr best params:	14954	12776	17	545	lhood=-14376.8

Iter 16	Curr best params:	14954	12776	17	545	lhood=-14376.8

Iter 17	Curr best params:	14954	12776	17	545	lhood=-14376.8

Iter 18	Curr best params:	14954	12776	17	545	lhood=-14376.8

Iter 19	Curr best params:	14954	12776	17	545	lhood=-14376.8

Iter 20	Curr best params:	14954	12776	17	545	lhood=-14376.8

Iter 21	Curr best params:	14954	12776	17	545	lhood=-14376.8

Iter 22	Curr best params:	14954	12776	17	545	lhood=-14376.8

Iter 23	Curr best params:	14954	12776	17	545	lhood=-14376.8

Iter 24	Curr best params:	14954	12776	17	545	lhood=-14376.8

Iter 25	Curr best params:	14954	12776	17	545	lhood=-14376.8

Iter 26	Curr best params:	14954	12776	17	545	lhood=-14376.8

Iter 27	Curr best params:	14954	12776	17	545	lhood=-14376.8

Iter 28	Curr best params:	14954	12776	17	545	lhood=-14376.8

Iter 29	Curr best params:	14954	12776	17	545	lhood=-14376.8

Iter 30	Curr best params:	14954	12776	17	545	lhood=-14376.8

Iter 31	Curr best params:	9583	12952	9	525	lhood=-14371.2

Iter 32	Curr best params:	9583	12952	9	525	lhood=-14371.2

Iter 33	Curr best params:	9583	12952	9	525	lhood=-14371.2

Iter 34	Curr best params:	9583	12952	9	525	lhood=-14371.2

Iter 35	Curr best params:	9583	12952	9	525	lhood=-14371.2

Iter 36	Curr best params:	9583	12952	9	525	lhood=-14371.2

Iter 37	Curr best params:	9583	12952	9	525	lhood=-14371.2

Iter 38	Curr best params:	9583	12952	9	525	lhood=-14371.2

Iter 39	Curr best params:	9583	12952	9	525	lhood=-14371.2

Iter 40	Curr best params:	9583	12952	9	525	lhood=-14371.2

Program total execution time: 15.159 seconds

fastsimcoal was invoked with the following command line arguments:
fsc2702 -t p1_p2_p3.tpl -n 100 -m -e p1_p2_p3.est -M -L 40 -q -s 0 

Random generator seed : 295276

Population growth detected in input file

Estimating model parameters using 12 batches and 1 thread

Estimation of parameters by conditional maximization via Brent algorithm (initial lhood = -14575.4)

Iter 1	Curr best params:	7392	8668	9	546	lhood=-14536.1

Iter 2	Curr best params:	7392	8668	9	546	lhood=-14536.1

Iter 3	Curr best params:	7210	10696	14	554	lhood=-14489.4

Iter 4	Curr best params:	7210	10696	14	554	lhood=-14489.4

Iter 5	Curr best params:	7210	9262	10	549	lhood=-14484.9

Iter 6	Curr best params:	7210	9262	10	549	lhood=-14484.9

Iter 7	Curr best params:	7210	9262	10	549	lhood=-14484.9

Iter 8	Curr best params:	7210	9262	10	549	lhood=-14484.9

Iter 9	Curr best params:	6305	9266	8	527	lhood=-14482.5

Iter 10	Curr best params:	6305	9266	8	527	lhood=-14482.5

Iter 11	Curr best params:	6377	9624	12	545	lhood=-14446

Iter 12	Curr best params:	6377	9624	12	545	lhood=-14446

Iter 13	Curr best params:	6377	9624	12	545	lhood=-14446

Iter 14	Curr best params:	6377	9624	12	545	lhood=-14446

Iter 15	Curr best params:	12546	9032	7	546	lhood=-14433.9

Iter 16	Curr best params:	12546	9032	7	546	lhood=-14433.9

Iter 17	Curr best params:	12546	9032	7	546	lhood=-14433.9

Iter 18	Curr best params:	12546	9032	7	546	lhood=-14433.9

Iter 19	Curr best params:	12546	9032	7	546	lhood=-14433.9

Iter 20	Curr best params:	12546	9032	7	546	lhood=-14433.9

Iter 21	Curr best params:	12546	9032	7	546	lhood=-14433.9

Iter 22	Curr best params:	12546	9032	7	546	lhood=-14433.9

Iter 23	Curr best params:	12546	9032	7	546	lhood=-14433.9

Iter 24	Curr best params:	12546	9032	7	546	lhood=-14433.9

Iter 25	Curr best params:	12546	9032	7	546	lhood=-14433.9

Iter 26	Curr best params:	12546	9032	7	546	lhood=-14433.9

Iter 27	Curr best params:	12546	9032	7	546	lhood=-14433.9

Iter 28	Curr best params:	12546	9032	7	546	lhood=-14433.9

Iter 29	Curr best params:	12546	9032	7	546	lhood=-14433.9

Iter 30	Curr best params:	14314	9938	10	529	lhood=-14418.3

Iter 31	Curr best params:	14314	9938	10	529	lhood=-14418.3

Iter 32	Curr best params:	14314	9938	10	529	lhood=-14418.3

Iter 33	Curr best params:	14314	9938	10	529	lhood=-14418.3

Iter 34	Curr best params:	14314	9938	10	529	lhood=-14418.3

Iter 35	Curr best params:	14314	9938	10	529	lhood=-14418.3

Iter 36	Curr best params:	14314	9938	10	529	lhood=-14418.3

Iter 37	Curr best params:	14314	9938	10	529	lhood=-14418.3

Iter 38	Curr best params:	14314	9938	10	529	lhood=-14418.3

Iter 39	Curr best params:	14314	9938	10	529	lhood=-14418.3

Iter 40	Curr best params:	14314	9938	10	529	lhood=-14418.3

Program total execution time: 14.958 seconds

fastsimcoal was invoked with the following command line arguments:
fsc2702 -t p1_p2_p3.tpl -n 100 -m -e p1_p2_p3.est -M -L 40 -q -s 0 

Random generator seed : 327307

Population growth detected in input file

Estimating model parameters using 12 batches and 1 thread

Estimation of parameters by conditional maximization via Brent algorithm (initial lhood = -14740.6)

Iter 1	Curr best params:	5596	7865	12	569	lhood=-14515.2

Iter 2	Curr best params:	6332	9147	12	603	lhood=-14488

Iter 3	Curr best params:	6332	10475	10	563	lhood=-14431.5

Iter 4	Curr best params:	6332	10475	10	563	lhood=-14431.5

Iter 5	Curr best params:	6332	10475	10	563	lhood=-14431.5

Iter 6	Curr best params:	6332	10475	10	563	lhood=-14431.5

Iter 7	Curr best params:	7750	12344	18	545	lhood=-14429.7

Iter 8	Curr best params:	10830	12344	9	545	lhood=-14401.9

Iter 9	Curr best params:	10830	12344	9	545	lhood=-14401.9

Iter 10	Curr best params:	10830	12344	9	545	lhood=-14401.9

Iter 11	Curr best params:	10830	12344	9	545	lhood=-14401.9

Iter 12	Curr best params:	10830	12344	9	545	lhood=-14401.9

Iter 13	Curr best params:	10830	12344	9	545	lhood=-14401.9

Iter 14	Curr best params:	10830	12344	9	545	lhood=-14401.9

Iter 15	Curr best params:	10830	12344	9	545	lhood=-14401.9

Iter 16	Curr best params:	10830	12344	9	545	lhood=-14401.9

Iter 17	Curr best params:	10830	12344	9	545	lhood=-14401.9

Iter 18	Curr best params:	10830	12344	9	545	lhood=-14401.9

Iter 19	Curr best params:	10830	12344	9	545	lhood=-14401.9

Iter 20	Curr best params:	10830	12344	9	545	lhood=-14401.9

Iter 21	Curr best params:	10830	12344	9	545	lhood=-14401.9

Iter 22	Curr best params:	10830	12344	9	545	lhood=-14401.9

Iter 23	Curr best params:	10830	12344	9	545	lhood=-14401.9

Iter 24	Curr best params:	16404	15050	15	560	lhood=-14321

Iter 25	Curr best params:	16404	15050	15	560	lhood=-14321

Iter 26	Curr best params:	16404	15050	15	560	lhood=-14321

Iter 27	Curr best params:	16404	15050	15	560	lhood=-14321

Iter 28	Curr best params:	16404	15050	15	560	lhood=-14321

Iter 29	Curr best params:	16404	15050	15	560	lhood=-14321

Iter 30	Curr best params:	16404	15050	15	560	lhood=-14321

Iter 31	Curr best params:	16404	15050	15	560	lhood=-14321

Iter 32	Curr best params:	16404	15050	15	560	lhood=-14321

Iter 33	Curr best params:	16404	15050	15	560	lhood=-14321

Iter 34	Curr best params:	16404	15050	15	560	lhood=-14321

Iter 35	Curr best params:	16404	15050	15	560	lhood=-14321

Iter 36	Curr best params:	16404	15050	15	560	lhood=-14321

Iter 37	Curr best params:	16404	15050	15	560	lhood=-14321

Iter 38	Curr best params:	16404	15050	15	560	lhood=-14321

Iter 39	Curr best params:	16404	15050	15	560	lhood=-14321

Iter 40	Curr best params:	16404	15050	15	560	lhood=-14321

Program total execution time: 14.833 seconds

fastsimcoal was invoked with the following command line arguments:
fsc2702 -t p1_p2_p3.tpl -n 100 -m -e p1_p2_p3.est -M -L 40 -q -s 0 

Random generator seed : 91018

Population growth detected in input file

Estimating model parameters using 12 batches and 1 thread

Estimation of parameters by conditional maximization via Brent algorithm (initial lhood = -14778.4)

Iter 1	Curr best params:	17230	7650	9	509	lhood=-14575.4

Iter 2	Curr best params:	9157	8548	9	509	lhood=-14545.7

Iter 3	Curr best params:	9157	8548	9	509	lhood=-14545.7

Iter 4	Curr best params:	8626	8548	9	577	lhood=-14512.6

Iter 5	Curr best params:	8626	8548	9	577	lhood=-14512.6

Iter 6	Curr best params:	8626	8548	9	577	lhood=-14512.6

Iter 7	Curr best params:	12205	8157	9	561	lhood=-14486.7

Iter 8	Curr best params:	12205	8157	9	561	lhood=-14486.7

Iter 9	Curr best params:	12205	8157	9	561	lhood=-14486.7

Iter 10	Curr best params:	10559	13444	18	510	lhood=-14439.2

Iter 11	Curr best params:	10559	13444	12	510	lhood=-14362.3

Iter 12	Curr best params:	10559	13444	12	510	lhood=-14362.3

Iter 13	Curr best params:	10559	13444	12	510	lhood=-14362.3

Iter 14	Curr best params:	10559	13444	12	510	lhood=-14362.3

Iter 15	Curr best params:	10559	13444	12	510	lhood=-14362.3

Iter 16	Curr best params:	10559	13444	12	510	lhood=-14362.3

Iter 17	Curr best params:	10559	13444	12	510	lhood=-14362.3

Iter 18	Curr best params:	10559	13444	12	510	lhood=-14362.3

Iter 19	Curr best params:	10559	13444	12	510	lhood=-14362.3

Iter 20	Curr best params:	10559	13444	12	510	lhood=-14362.3

Iter 21	Curr best params:	18366	14226	13	559	lhood=-14327

Iter 22	Curr best params:	18366	14226	13	559	lhood=-14327

Iter 23	Curr best params:	18366	14226	13	559	lhood=-14327

Iter 24	Curr best params:	18366	14226	13	559	lhood=-14327

Iter 25	Curr best params:	18366	14226	13	559	lhood=-14327

Iter 26	Curr best params:	18366	14226	13	559	lhood=-14327

Iter 27	Curr best params:	18366	14226	13	559	lhood=-14327

Iter 28	Curr best params:	18366	14226	13	559	lhood=-14327

Iter 29	Curr best params:	18366	14226	13	559	lhood=-14327

Iter 30	Curr best params:	18366	14226	13	559	lhood=-14327

Iter 31	Curr best params:	18366	14226	13	559	lhood=-14327

Iter 32	Curr best params:	18366	14226	13	559	lhood=-14327

Iter 33	Curr best params:	18366	14226	13	559	lhood=-14327

Iter 34	Curr best params:	18366	14226	13	559	lhood=-14327

Iter 35	Curr best params:	18366	14226	13	559	lhood=-14327

Iter 36	Curr best params:	18366	14226	13	559	lhood=-14327

Iter 37	Curr best params:	18366	14226	13	559	lhood=-14327

Iter 38	Curr best params:	18366	14226	13	559	lhood=-14327

Iter 39	Curr best params:	18366	14226	13	559	lhood=-14327

Iter 40	Curr best params:	18366	14226	13	559	lhood=-14327

Program total execution time: 14.285 seconds

fastsimcoal was invoked with the following command line arguments:
fsc2702 -t p1_p2_p3.tpl -n 100 -m -e p1_p2_p3.est -M -L 40 -q -s 0 

Random generator seed : 925788

Population growth detected in input file

Estimating model parameters using 12 batches and 1 thread

Estimation of parameters by conditional maximization via Brent algorithm (initial lhood = -14641.9)

Iter 1	Curr best params:	13640	9750	12	634	lhood=-14474.1

Iter 2	Curr best params:	13640	9750	12	634	lhood=-14474.1

Iter 3	Curr best params:	13640	9750	12	634	lhood=-14474.1

Iter 4	Curr best params:	11209	11977	15	637	lhood=-14447.5

Iter 5	Curr best params:	11209	11977	15	637	lhood=-14447.5

Iter 6	Curr best params:	11209	11977	15	637	lhood=-14447.5

Iter 7	Curr best params:	11209	11977	15	637	lhood=-14447.5

Iter 8	Curr best params:	11209	11977	15	637	lhood=-14447.5

Iter 9	Curr best params:	11209	11977	15	637	lhood=-14447.5

Iter 10	Curr best params:	11209	11977	15	637	lhood=-14447.5

Iter 11	Curr best params:	11209	11977	15	637	lhood=-14447.5

Iter 12	Curr best params:	11209	11977	15	637	lhood=-14447.5

Iter 13	Curr best params:	11209	11977	15	637	lhood=-14447.5

Iter 14	Curr best params:	10731	11259	9	553	lhood=-14395.8

Iter 15	Curr best params:	10731	11259	9	553	lhood=-14395.8

Iter 16	Curr best params:	10731	11259	9	553	lhood=-14395.8

Iter 17	Curr best params:	10731	11259	9	553	lhood=-14395.8

Iter 18	Curr best params:	10731	11259	9	553	lhood=-14395.8

Iter 19	Curr best params:	10731	11259	9	553	lhood=-14395.8

Iter 20	Curr best params:	10731	11259	9	553	lhood=-14395.8

Iter 21	Curr best params:	10731	11259	9	553	lhood=-14395.8

Iter 22	Curr best params:	10731	11259	9	553	lhood=-14395.8

Iter 23	Curr best params:	10731	11259	9	553	lhood=-14395.8

Iter 24	Curr best params:	10731	11259	9	553	lhood=-14395.8

Iter 25	Curr best params:	10731	11259	9	553	lhood=-14395.8

Iter 26	Curr best params:	10731	11259	9	553	lhood=-14395.8

Iter 27	Curr best params:	10731	11259	9	553	lhood=-14395.8

Iter 28	Curr best params:	10731	11259	9	553	lhood=-14395.8

Iter 29	Curr best params:	10731	11259	9	553	lhood=-14395.8

Iter 30	Curr best params:	10731	11259	9	553	lhood=-14395.8

Iter 31	Curr best params:	15646	11567	14	566	lhood=-14366

Iter 32	Curr best params:	15646	11567	14	566	lhood=-14366

Iter 33	Curr best params:	15646	11567	14	566	lhood=-14366

Iter 34	Curr best params:	15646	11567	14	566	lhood=-14366

Iter 35	Curr best params:	15646	11567	14	566	lhood=-14366

Iter 36	Curr best params:	15646	11567	14	566	lhood=-14366

Iter 37	Curr best params:	15646	11567	14	566	lhood=-14366

Iter 38	Curr best params:	15646	11567	14	566	lhood=-14366

Iter 39	Curr best params:	15646	11567	14	566	lhood=-14366

Iter 40	Curr best params:	15646	11567	14	566	lhood=-14366

Program total execution time: 14.720 seconds

fastsimcoal was invoked with the following command line arguments:
fsc2702 -t p1_p2_p3.tpl -n 100 -m -e p1_p2_p3.est -M -L 40 -q -s 0 

Random generator seed : 201550

Population growth detected in input file

Estimating model parameters using 12 batches and 1 thread

Estimation of parameters by conditional maximization via Brent algorithm (initial lhood = -14784.6)

Iter 1	Curr best params:	5101	7264	7	572	lhood=-14613.4

Iter 2	Curr best params:	5101	7264	7	572	lhood=-14613.4

Iter 3	Curr best params:	6554	9452	5	544	lhood=-14472.6

Iter 4	Curr best params:	10630	11876	14	580	lhood=-14448.1

Iter 5	Curr best params:	10630	11876	14	580	lhood=-14448.1

Iter 6	Curr best params:	10630	11876	14	580	lhood=-14448.1

Iter 7	Curr best params:	7356	10724	13	550	lhood=-14421.3

Iter 8	Curr best params:	7356	10724	13	550	lhood=-14421.3

Iter 9	Curr best params:	13570	11219	14	525	lhood=-14362

Iter 10	Curr best params:	13570	11219	14	525	lhood=-14362

Iter 11	Curr best params:	13570	11219	14	525	lhood=-14362

Iter 12	Curr best params:	13570	11219	14	525	lhood=-14362

Iter 13	Curr best params:	13570	11219	14	525	lhood=-14362

Iter 14	Curr best params:	13570	11219	14	525	lhood=-14362

Iter 15	Curr best params:	13570	11219	14	525	lhood=-14362

Iter 16	Curr best params:	13570	11219	14	525	lhood=-14362

Iter 17	Curr best params:	13570	11219	14	525	lhood=-14362

Iter 18	Curr best params:	13570	11219	14	525	lhood=-14362

Iter 19	Curr best params:	13570	11219	14	525	lhood=-14362

Iter 20	Curr best params:	13570	11219	14	525	lhood=-14362

Iter 21	Curr best params:	13570	11219	14	525	lhood=-14362

Iter 22	Curr best params:	13570	11219	14	525	lhood=-14362

Iter 23	Curr best params:	13570	11219	14	525	lhood=-14362

Iter 24	Curr best params:	13570	11219	14	525	lhood=-14362

Iter 25	Curr best params:	13570	11219	14	525	lhood=-14362

Iter 26	Curr best params:	13570	11219	14	525	lhood=-14362

Iter 27	Curr best params:	13570	11219	14	525	lhood=-14362

Iter 28	Curr best params:	13570	11219	14	525	lhood=-14362

Iter 29	Curr best params:	13570	11219	14	525	lhood=-14362

Iter 30	Curr best params:	13570	11219	14	525	lhood=-14362

Iter 31	Curr best params:	13570	11219	14	525	lhood=-14362

Iter 32	Curr best params:	13570	11219	14	525	lhood=-14362

Iter 33	Curr best params:	13570	11219	14	525	lhood=-14362

Iter 34	Curr best params:	13570	11219	14	525	lhood=-14362

Iter 35	Curr best params:	13570	11219	14	525	lhood=-14362

Iter 36	Curr best params:	5728	15599	8	518	lhood=-14345.9

Iter 37	Curr best params:	5728	15599	8	518	lhood=-14345.9

Iter 38	Curr best params:	5728	15599	8	518	lhood=-14345.9

Iter 39	Curr best params:	5728	15599	8	518	lhood=-14345.9

Iter 40	Curr best params:	5728	15599	8	518	lhood=-14345.9

Program total execution time: 15.076 seconds

fastsimcoal was invoked with the following command line arguments:
fsc2702 -t p1_p2_p3.tpl -n 100 -m -e p1_p2_p3.est -M -L 40 -q -s 0 

Random generator seed : 243199

Population growth detected in input file

Estimating model parameters using 12 batches and 1 thread

Estimation of parameters by conditional maximization via Brent algorithm (initial lhood = -16207.7)

Iter 1	Curr best params:	7741	6637	9	556	lhood=-14664.8

Iter 2	Curr best params:	7741	8963	7	556	lhood=-14482.3

Iter 3	Curr best params:	7741	8963	7	556	lhood=-14482.3

Iter 4	Curr best params:	7741	8963	7	556	lhood=-14482.3

Iter 5	Curr best params:	7741	8963	7	556	lhood=-14482.3

Iter 6	Curr best params:	7741	8963	7	556	lhood=-14482.3

Iter 7	Curr best params:	7741	8963	7	556	lhood=-14482.3

Iter 8	Curr best params:	9986	7112	12	525	lhood=-14417.3

Iter 9	Curr best params:	9986	7112	12	525	lhood=-14417.3

Iter 10	Curr best params:	9986	7112	12	525	lhood=-14417.3

Iter 11	Curr best params:	9986	7112	12	525	lhood=-14417.3

Iter 12	Curr best params:	9986	7112	12	525	lhood=-14417.3

Iter 13	Curr best params:	15126	12393	17	521	lhood=-14374.5

Iter 14	Curr best params:	15126	12393	17	521	lhood=-14374.5

Iter 15	Curr best params:	15126	12393	17	521	lhood=-14374.5

Iter 16	Curr best params:	15126	12393	17	521	lhood=-14374.5

Iter 17	Curr best params:	15126	12393	17	521	lhood=-14374.5

Iter 18	Curr best params:	15126	12393	17	521	lhood=-14374.5

Iter 19	Curr best params:	15126	12393	17	521	lhood=-14374.5

Iter 20	Curr best params:	15126	12393	17	521	lhood=-14374.5

Iter 21	Curr best params:	15126	12393	17	521	lhood=-14374.5

Iter 22	Curr best params:	15126	12393	17	521	lhood=-14374.5

Iter 23	Curr best params:	15126	12393	17	521	lhood=-14374.5

Iter 24	Curr best params:	15126	12393	17	521	lhood=-14374.5

Iter 25	Curr best params:	15126	12393	17	521	lhood=-14374.5

Iter 26	Curr best params:	15126	12393	17	521	lhood=-14374.5

Iter 27	Curr best params:	15126	12393	17	521	lhood=-14374.5

Iter 28	Curr best params:	15126	12393	17	521	lhood=-14374.5

Iter 29	Curr best params:	15126	12393	17	521	lhood=-14374.5

Iter 30	Curr best params:	15126	12393	17	521	lhood=-14374.5

Iter 31	Curr best params:	15126	12393	17	521	lhood=-14374.5

Iter 32	Curr best params:	15126	12393	17	521	lhood=-14374.5

Iter 33	Curr best params:	15126	12393	17	521	lhood=-14374.5

Iter 34	Curr best params:	15126	12393	17	521	lhood=-14374.5

Iter 35	Curr best params:	15126	12393	17	521	lhood=-14374.5

Iter 36	Curr best params:	15126	12393	17	521	lhood=-14374.5

Iter 37	Curr best params:	15126	12393	17	521	lhood=-14374.5

Iter 38	Curr best params:	15126	12393	17	521	lhood=-14374.5

Iter 39	Curr best params:	15126	12393	17	521	lhood=-14374.5

Iter 40	Curr best params:	15126	12393	17	521	lhood=-14374.5

Program total execution time: 14.566 seconds

